{"/Users/home/Documents/LMS 8.1/store-manager-frontend/src/index.js": {"path":"/Users/home/Documents/LMS 8.1/store-manager-frontend/src/index.js","statementMap":{"0":{"start":{"line":1,"column":0},"end":{"line":null,"column":-1}},"1":{"start":{"line":2,"column":0},"end":{"line":null,"column":-1}},"2":{"start":{"line":3,"column":0},"end":{"line":null,"column":-1}},"3":{"start":{"line":4,"column":0},"end":{"line":null,"column":-1}},"4":{"start":{"line":5,"column":0},"end":{"line":null,"column":-1}},"5":{"start":{"line":6,"column":0},"end":{"line":null,"column":-1}},"6":{"start":{"line":8,"column":0},"end":{"line":null,"column":-1}}},"fnMap":{},"branchMap":{},"s":{"0":0,"1":0,"2":0,"3":0,"4":0,"5":0,"6":0},"f":{},"b":{}}
,"/Users/home/Documents/LMS 8.1/store-manager-frontend/src/react/components/About.js": {"path":"/Users/home/Documents/LMS 8.1/store-manager-frontend/src/react/components/About.js","statementMap":{"0":{"start":{"line":1,"column":0},"end":{"line":null,"column":-1}},"1":{"start":{"line":3,"column":14},"end":{"line":3,"column":0}},"2":{"start":{"line":4,"column":2},"end":{"line":null,"column":-1}}},"fnMap":{"0":{"name":"About","decl":{"start":{"line":3,"column":6},"end":{"line":3,"column":14}},"loc":{"start":{"line":3,"column":20},"end":{"line":3,"column":0}}}},"branchMap":{},"s":{"0":0,"1":0,"2":0},"f":{"0":0},"b":{}}
,"/Users/home/Documents/LMS 8.1/store-manager-frontend/src/react/components/App.js": {"path":"/Users/home/Documents/LMS 8.1/store-manager-frontend/src/react/components/App.js","statementMap":{"0":{"start":{"line":1,"column":0},"end":{"line":null,"column":-1}},"1":{"start":{"line":6,"column":8},"end":{"line":null,"column":-1}}},"fnMap":{},"branchMap":{},"s":{"0":0,"1":0},"f":{},"b":{}}
,"/Users/home/Documents/LMS 8.1/store-manager-frontend/src/react/components/Header.js": {"path":"/Users/home/Documents/LMS 8.1/store-manager-frontend/src/react/components/Header.js","statementMap":{"0":{"start":{"line":1,"column":0},"end":{"line":null,"column":-1}},"1":{"start":{"line":2,"column":0},"end":{"line":null,"column":-1}},"2":{"start":{"line":4,"column":15},"end":{"line":4,"column":0}},"3":{"start":{"line":4,"column":15},"end":{"line":null,"column":-1}}},"fnMap":{"0":{"name":"Header","decl":{"start":{"line":4,"column":6},"end":{"line":4,"column":15}},"loc":{"start":{"line":4,"column":15},"end":{"line":4,"column":0}}}},"branchMap":{},"s":{"0":0,"1":0,"2":0,"3":0},"f":{"0":0},"b":{}}
,"/Users/home/Documents/LMS 8.1/store-manager-frontend/src/react/routes/index.js": {"path":"/Users/home/Documents/LMS 8.1/store-manager-frontend/src/react/routes/index.js","statementMap":{"0":{"start":{"line":1,"column":0},"end":{"line":null,"column":-1}},"1":{"start":{"line":2,"column":0},"end":{"line":null,"column":-1}},"2":{"start":{"line":4,"column":0},"end":{"line":null,"column":-1}},"3":{"start":{"line":5,"column":0},"end":{"line":null,"column":-1}},"4":{"start":{"line":6,"column":0},"end":{"line":null,"column":-1}},"5":{"start":{"line":7,"column":0},"end":{"line":null,"column":-1}},"6":{"start":{"line":9,"column":15},"end":{"line":9,"column":0}},"7":{"start":{"line":9,"column":15},"end":{"line":null,"column":-1}}},"fnMap":{"0":{"name":"Routes","decl":{"start":{"line":9,"column":6},"end":{"line":9,"column":15}},"loc":{"start":{"line":9,"column":15},"end":{"line":9,"column":0}}}},"branchMap":{},"s":{"0":0,"1":0,"2":0,"3":0,"4":0,"5":0,"6":0,"7":0},"f":{"0":0},"b":{}}
,"/Users/home/Documents/LMS 8.1/store-manager-frontend/src/react/views/AboutView.js": {"path":"/Users/home/Documents/LMS 8.1/store-manager-frontend/src/react/views/AboutView.js","statementMap":{"0":{"start":{"line":1,"column":0},"end":{"line":null,"column":-1}},"1":{"start":{"line":2,"column":0},"end":{"line":null,"column":-1}},"2":{"start":{"line":4,"column":18},"end":{"line":4,"column":0}},"3":{"start":{"line":4,"column":18},"end":{"line":null,"column":-1}}},"fnMap":{"0":{"name":"AboutView","decl":{"start":{"line":4,"column":6},"end":{"line":4,"column":18}},"loc":{"start":{"line":4,"column":18},"end":{"line":4,"column":0}}}},"branchMap":{},"s":{"0":0,"1":0,"2":0,"3":0},"f":{"0":0},"b":{}}
,"/Users/home/Documents/LMS 8.1/store-manager-frontend/src/react/views/HomeView.js": {"path":"/Users/home/Documents/LMS 8.1/store-manager-frontend/src/react/views/HomeView.js","statementMap":{"0":{"start":{"line":1,"column":0},"end":{"line":null,"column":-1}},"1":{"start":{"line":2,"column":0},"end":{"line":null,"column":-1}},"2":{"start":{"line":4,"column":17},"end":{"line":4,"column":0}},"3":{"start":{"line":4,"column":17},"end":{"line":null,"column":-1}}},"fnMap":{"0":{"name":"HomeView","decl":{"start":{"line":4,"column":6},"end":{"line":4,"column":17}},"loc":{"start":{"line":4,"column":17},"end":{"line":4,"column":0}}}},"branchMap":{},"s":{"0":0,"1":0,"2":0,"3":0},"f":{"0":0},"b":{}}
,"/Users/home/Documents/LMS 8.1/store-manager-frontend/src/react/views/WelcomeMessage.js": {"path":"/Users/home/Documents/LMS 8.1/store-manager-frontend/src/react/views/WelcomeMessage.js","statementMap":{"0":{"start":{"line":3,"column":15},"end":{"line":13,"column":1}},"1":{"start":{"line":15,"column":23},"end":{"line":24,"column":1}},"2":{"start":{"line":16,"column":2},"end":{"line":23,"column":4}}},"fnMap":{"0":{"name":"(anonymous_0)","decl":{"start":{"line":15,"column":23},"end":{"line":15,"column":24}},"loc":{"start":{"line":15,"column":40},"end":{"line":24,"column":1}},"line":15}},"branchMap":{},"s":{"0":1,"1":1,"2":1},"f":{"0":1},"b":{},"_coverageSchema":"332fd63041d2c1bcb487cc26dd0d5f7d97098a6c","hash":"2491397d1e7356efe3cf31a14b0185c3e4b3889f"}
,"/Users/home/Documents/LMS 8.1/store-manager-frontend/src/redux/reducers/mainReducer.js": {"path":"/Users/home/Documents/LMS 8.1/store-manager-frontend/src/redux/reducers/mainReducer.js","statementMap":{"0":{"start":{"line":2,"column":0},"end":{"line":null,"column":-1}},"1":{"start":{"line":4,"column":21},"end":{"line":4,"column":0}},"2":{"start":{"line":8,"column":44},"end":{"line":8,"column":43}},"3":{"start":{"line":9,"column":2},"end":{"line":null,"column":-1}},"4":{"start":{"line":12,"column":20},"end":{"line":12,"column":0}}},"fnMap":{"0":{"name":"startReducer","decl":{"start":{"line":8,"column":9},"end":{"line":8,"column":0}},"loc":{"start":{"line":8,"column":44},"end":{"line":10,"column":1}}}},"branchMap":{"0":{"loc":{"start":{"line":8,"column":44},"end":{"line":8,"column":29}},"type":"cond-expr","locations":[{"start":{"line":8,"column":44},"end":{"line":8,"column":29}},{"start":{"line":8,"column":30},"end":{"line":8,"column":44}}]},"1":{"loc":{"start":{"line":8,"column":44},"end":{"line":8,"column":29}},"type":"binary-expr","locations":[{"start":{"line":8,"column":44},"end":{"line":8,"column":29}},{"start":{"line":8,"column":44},"end":{"line":8,"column":29}}]}},"s":{"0":0,"1":0,"2":0,"3":0,"4":0},"f":{"0":0},"b":{"0":[0,0],"1":[0,0]}}
,"/Users/home/Documents/LMS 8.1/store-manager-frontend/src/redux/store/combineStore.js": {"path":"/Users/home/Documents/LMS 8.1/store-manager-frontend/src/redux/store/combineStore.js","statementMap":{"0":{"start":{"line":1,"column":0},"end":{"line":null,"column":-1}},"1":{"start":{"line":2,"column":0},"end":{"line":null,"column":-1}},"2":{"start":{"line":4,"column":14},"end":{"line":4,"column":0}}},"fnMap":{},"branchMap":{},"s":{"0":0,"1":0,"2":0},"f":{},"b":{}}
}
