{"/Users/home/Documents/LMS 8.1/store-manager-frontend/src/react/views/Loader.js": {"path":"/Users/home/Documents/LMS 8.1/store-manager-frontend/src/react/views/Loader.js","statementMap":{"0":{"start":{"line":4,"column":2},"end":{"line":8,"column":3}}},"fnMap":{"0":{"name":"Loader","decl":{"start":{"line":3,"column":24},"end":{"line":3,"column":30}},"loc":{"start":{"line":3,"column":33},"end":{"line":9,"column":1}},"line":3}},"branchMap":{},"s":{"0":0},"f":{"0":0},"b":{},"_coverageSchema":"332fd63041d2c1bcb487cc26dd0d5f7d97098a6c","hash":"545a6c2cd4d310a7f88915ad0e209f9e4cd8b8f1"}
,"/Users/home/Documents/LMS 8.1/store-manager-frontend/src/react/views/login/LoginView.js": {"path":"/Users/home/Documents/LMS 8.1/store-manager-frontend/src/react/views/login/LoginView.js","statementMap":{"0":{"start":{"line":9,"column":4},"end":{"line":9,"column":17}},"1":{"start":{"line":10,"column":4},"end":{"line":16,"column":6}},"2":{"start":{"line":17,"column":4},"end":{"line":17,"column":45}},"3":{"start":{"line":18,"column":4},"end":{"line":18,"column":53}},"4":{"start":{"line":22,"column":40},"end":{"line":22,"column":49}},"5":{"start":{"line":23,"column":4},"end":{"line":26,"column":5}},"6":{"start":{"line":24,"column":6},"end":{"line":24,"column":40}},"7":{"start":{"line":27,"column":4},"end":{"line":30,"column":5}},"8":{"start":{"line":28,"column":6},"end":{"line":28,"column":39}},"9":{"start":{"line":29,"column":6},"end":{"line":29,"column":24}},"10":{"start":{"line":33,"column":4},"end":{"line":33,"column":55}},"11":{"start":{"line":37,"column":4},"end":{"line":37,"column":23}},"12":{"start":{"line":38,"column":21},"end":{"line":41,"column":5}},"13":{"start":{"line":42,"column":4},"end":{"line":42,"column":37}},"14":{"start":{"line":43,"column":4},"end":{"line":43,"column":35}},"15":{"start":{"line":47,"column":35},"end":{"line":47,"column":45}},"16":{"start":{"line":49,"column":4},"end":{"line":98,"column":6}},"17":{"start":{"line":102,"column":0},"end":{"line":106,"column":2}},"18":{"start":{"line":107,"column":31},"end":{"line":113,"column":1}},"19":{"start":{"line":108,"column":2},"end":{"line":112,"column":4}}},"fnMap":{"0":{"name":"(anonymous_0)","decl":{"start":{"line":8,"column":2},"end":{"line":8,"column":3}},"loc":{"start":{"line":8,"column":21},"end":{"line":19,"column":3}},"line":8},"1":{"name":"(anonymous_1)","decl":{"start":{"line":21,"column":2},"end":{"line":21,"column":3}},"loc":{"start":{"line":21,"column":39},"end":{"line":31,"column":3}},"line":21},"2":{"name":"(anonymous_2)","decl":{"start":{"line":32,"column":2},"end":{"line":32,"column":3}},"loc":{"start":{"line":32,"column":14},"end":{"line":34,"column":3}},"line":32},"3":{"name":"(anonymous_3)","decl":{"start":{"line":36,"column":2},"end":{"line":36,"column":3}},"loc":{"start":{"line":36,"column":18},"end":{"line":44,"column":3}},"line":36},"4":{"name":"(anonymous_4)","decl":{"start":{"line":46,"column":2},"end":{"line":46,"column":3}},"loc":{"start":{"line":46,"column":11},"end":{"line":99,"column":3}},"line":46},"5":{"name":"(anonymous_5)","decl":{"start":{"line":107,"column":31},"end":{"line":107,"column":32}},"loc":{"start":{"line":107,"column":40},"end":{"line":113,"column":1}},"line":107}},"branchMap":{"0":{"loc":{"start":{"line":23,"column":4},"end":{"line":26,"column":5}},"type":"if","locations":[{"start":{"line":23,"column":4},"end":{"line":26,"column":5}},{"start":{"line":23,"column":4},"end":{"line":26,"column":5}}],"line":23},"1":{"loc":{"start":{"line":27,"column":4},"end":{"line":30,"column":5}},"type":"if","locations":[{"start":{"line":27,"column":4},"end":{"line":30,"column":5}},{"start":{"line":27,"column":4},"end":{"line":30,"column":5}}],"line":27},"2":{"loc":{"start":{"line":64,"column":15},"end":{"line":64,"column":53}},"type":"cond-expr","locations":[{"start":{"line":64,"column":36},"end":{"line":64,"column":46}},{"start":{"line":64,"column":49},"end":{"line":64,"column":53}}],"line":64}},"s":{"0":1,"1":1,"2":1,"3":1,"4":1,"5":1,"6":0,"7":1,"8":1,"9":1,"10":1,"11":1,"12":1,"13":1,"14":1,"15":4,"16":4,"17":1,"18":1,"19":0},"f":{"0":1,"1":1,"2":1,"3":1,"4":4,"5":0},"b":{"0":[0,1],"1":[1,0],"2":[2,2]},"_coverageSchema":"332fd63041d2c1bcb487cc26dd0d5f7d97098a6c","hash":"20bca9c3f1bfdc3137250bdd3e06ff860d154102"}
,"/Users/home/Documents/LMS 8.1/store-manager-frontend/src/react/views/signup/SignUpView.js": {"path":"/Users/home/Documents/LMS 8.1/store-manager-frontend/src/react/views/signup/SignUpView.js","statementMap":{"0":{"start":{"line":12,"column":4},"end":{"line":12,"column":17}},"1":{"start":{"line":13,"column":4},"end":{"line":20,"column":6}},"2":{"start":{"line":21,"column":4},"end":{"line":21,"column":45}},"3":{"start":{"line":22,"column":4},"end":{"line":22,"column":53}},"4":{"start":{"line":26,"column":32},"end":{"line":26,"column":41}},"5":{"start":{"line":27,"column":4},"end":{"line":32,"column":5}},"6":{"start":{"line":28,"column":6},"end":{"line":28,"column":39}},"7":{"start":{"line":29,"column":6},"end":{"line":29,"column":24}},"8":{"start":{"line":31,"column":6},"end":{"line":31,"column":40}},"9":{"start":{"line":36,"column":4},"end":{"line":36,"column":55}},"10":{"start":{"line":40,"column":4},"end":{"line":40,"column":23}},"11":{"start":{"line":41,"column":22},"end":{"line":45,"column":5}},"12":{"start":{"line":46,"column":4},"end":{"line":46,"column":37}},"13":{"start":{"line":47,"column":4},"end":{"line":47,"column":37}},"14":{"start":{"line":51,"column":42},"end":{"line":51,"column":52}},"15":{"start":{"line":52,"column":4},"end":{"line":108,"column":6}},"16":{"start":{"line":112,"column":0},"end":{"line":116,"column":2}},"17":{"start":{"line":118,"column":31},"end":{"line":124,"column":1}},"18":{"start":{"line":119,"column":2},"end":{"line":123,"column":4}}},"fnMap":{"0":{"name":"(anonymous_0)","decl":{"start":{"line":11,"column":2},"end":{"line":11,"column":3}},"loc":{"start":{"line":11,"column":21},"end":{"line":23,"column":3}},"line":11},"1":{"name":"(anonymous_1)","decl":{"start":{"line":25,"column":2},"end":{"line":25,"column":3}},"loc":{"start":{"line":25,"column":39},"end":{"line":33,"column":3}},"line":25},"2":{"name":"(anonymous_2)","decl":{"start":{"line":35,"column":2},"end":{"line":35,"column":3}},"loc":{"start":{"line":35,"column":14},"end":{"line":37,"column":3}},"line":35},"3":{"name":"(anonymous_3)","decl":{"start":{"line":39,"column":2},"end":{"line":39,"column":3}},"loc":{"start":{"line":39,"column":18},"end":{"line":48,"column":3}},"line":39},"4":{"name":"(anonymous_4)","decl":{"start":{"line":50,"column":2},"end":{"line":50,"column":3}},"loc":{"start":{"line":50,"column":11},"end":{"line":109,"column":3}},"line":50},"5":{"name":"(anonymous_5)","decl":{"start":{"line":118,"column":31},"end":{"line":118,"column":32}},"loc":{"start":{"line":118,"column":40},"end":{"line":124,"column":1}},"line":118}},"branchMap":{"0":{"loc":{"start":{"line":27,"column":4},"end":{"line":32,"column":5}},"type":"if","locations":[{"start":{"line":27,"column":4},"end":{"line":32,"column":5}},{"start":{"line":27,"column":4},"end":{"line":32,"column":5}}],"line":27},"1":{"loc":{"start":{"line":67,"column":13},"end":{"line":67,"column":51}},"type":"cond-expr","locations":[{"start":{"line":67,"column":34},"end":{"line":67,"column":44}},{"start":{"line":67,"column":47},"end":{"line":67,"column":51}}],"line":67}},"s":{"0":1,"1":1,"2":1,"3":1,"4":1,"5":1,"6":1,"7":1,"8":0,"9":1,"10":1,"11":1,"12":1,"13":1,"14":4,"15":4,"16":1,"17":1,"18":0},"f":{"0":1,"1":1,"2":1,"3":1,"4":4,"5":0},"b":{"0":[1,0],"1":[2,2]},"_coverageSchema":"332fd63041d2c1bcb487cc26dd0d5f7d97098a6c","hash":"40df95ae69bc5671d8b4a7c4d20cea3f20a1ad8f"}
,"/Users/home/Documents/LMS 8.1/store-manager-frontend/src/redux/actions/index.js": {"path":"/Users/home/Documents/LMS 8.1/store-manager-frontend/src/redux/actions/index.js","statementMap":{"0":{"start":{"line":2,"column":24},"end":{"line":2,"column":76}}},"fnMap":{},"branchMap":{},"s":{"0":4},"f":{},"b":{},"_coverageSchema":"332fd63041d2c1bcb487cc26dd0d5f7d97098a6c","hash":"31623dade9bbfbf2e9019cfc6388d8f40644bbdb"}
,"/Users/home/Documents/LMS 8.1/store-manager-frontend/src/redux/actions/login/loginAction.js": {"path":"/Users/home/Documents/LMS 8.1/store-manager-frontend/src/redux/actions/login/loginAction.js","statementMap":{"0":{"start":{"line":6,"column":25},"end":{"line":30,"column":1}},"1":{"start":{"line":6,"column":37},"end":{"line":30,"column":1}},"2":{"start":{"line":7,"column":18},"end":{"line":9,"column":3}},"3":{"start":{"line":10,"column":2},"end":{"line":29,"column":6}},"4":{"start":{"line":13,"column":6},"end":{"line":17,"column":9}},"5":{"start":{"line":18,"column":6},"end":{"line":18,"column":42}},"6":{"start":{"line":19,"column":6},"end":{"line":19,"column":73}},"7":{"start":{"line":20,"column":6},"end":{"line":20,"column":72}},"8":{"start":{"line":23,"column":8},"end":{"line":26,"column":10}},"9":{"start":{"line":28,"column":8},"end":{"line":28,"column":49}}},"fnMap":{"0":{"name":"(anonymous_0)","decl":{"start":{"line":6,"column":25},"end":{"line":6,"column":26}},"loc":{"start":{"line":6,"column":37},"end":{"line":30,"column":1}},"line":6},"1":{"name":"(anonymous_1)","decl":{"start":{"line":6,"column":37},"end":{"line":6,"column":38}},"loc":{"start":{"line":6,"column":49},"end":{"line":30,"column":1}},"line":6},"2":{"name":"(anonymous_2)","decl":{"start":{"line":12,"column":10},"end":{"line":12,"column":11}},"loc":{"start":{"line":12,"column":22},"end":{"line":21,"column":5}},"line":12},"3":{"name":"(anonymous_3)","decl":{"start":{"line":22,"column":11},"end":{"line":22,"column":12}},"loc":{"start":{"line":22,"column":19},"end":{"line":29,"column":5}},"line":22}},"branchMap":{},"s":{"0":2,"1":2,"2":2,"3":2,"4":1,"5":1,"6":1,"7":1,"8":1,"9":1},"f":{"0":2,"1":2,"2":1,"3":1},"b":{},"_coverageSchema":"332fd63041d2c1bcb487cc26dd0d5f7d97098a6c","hash":"395fd657c65ae861fde6153966fb0bd1bdd3508f"}
,"/Users/home/Documents/LMS 8.1/store-manager-frontend/src/redux/actions/login/types.js": {"path":"/Users/home/Documents/LMS 8.1/store-manager-frontend/src/redux/actions/login/types.js","statementMap":{"0":{"start":{"line":1,"column":29},"end":{"line":1,"column":44}},"1":{"start":{"line":2,"column":26},"end":{"line":2,"column":38}}},"fnMap":{},"branchMap":{},"s":{"0":3,"1":3},"f":{},"b":{},"_coverageSchema":"332fd63041d2c1bcb487cc26dd0d5f7d97098a6c","hash":"eaab149dff40df23e8a48f4404d725714f12d37e"}
,"/Users/home/Documents/LMS 8.1/store-manager-frontend/src/redux/actions/signup/singupAction.js": {"path":"/Users/home/Documents/LMS 8.1/store-manager-frontend/src/redux/actions/signup/singupAction.js","statementMap":{"0":{"start":{"line":7,"column":14},"end":{"line":7,"column":50}},"1":{"start":{"line":9,"column":26},"end":{"line":30,"column":1}},"2":{"start":{"line":9,"column":39},"end":{"line":30,"column":1}},"3":{"start":{"line":10,"column":18},"end":{"line":14,"column":3}},"4":{"start":{"line":15,"column":2},"end":{"line":29,"column":7}},"5":{"start":{"line":18,"column":6},"end":{"line":21,"column":9}},"6":{"start":{"line":24,"column":6},"end":{"line":27,"column":9}},"7":{"start":{"line":28,"column":6},"end":{"line":28,"column":47}}},"fnMap":{"0":{"name":"(anonymous_0)","decl":{"start":{"line":9,"column":26},"end":{"line":9,"column":27}},"loc":{"start":{"line":9,"column":39},"end":{"line":30,"column":1}},"line":9},"1":{"name":"(anonymous_1)","decl":{"start":{"line":9,"column":39},"end":{"line":9,"column":40}},"loc":{"start":{"line":9,"column":51},"end":{"line":30,"column":1}},"line":9},"2":{"name":"(anonymous_2)","decl":{"start":{"line":17,"column":10},"end":{"line":17,"column":11}},"loc":{"start":{"line":17,"column":22},"end":{"line":22,"column":5}},"line":17},"3":{"name":"(anonymous_3)","decl":{"start":{"line":23,"column":11},"end":{"line":23,"column":12}},"loc":{"start":{"line":23,"column":20},"end":{"line":29,"column":5}},"line":23}},"branchMap":{},"s":{"0":2,"1":2,"2":2,"3":2,"4":2,"5":0,"6":1,"7":1},"f":{"0":2,"1":2,"2":0,"3":1},"b":{},"_coverageSchema":"332fd63041d2c1bcb487cc26dd0d5f7d97098a6c","hash":"69c2fb83159b2a4c2102b950b1211ced577bf400"}
,"/Users/home/Documents/LMS 8.1/store-manager-frontend/src/redux/actions/signup/types.js": {"path":"/Users/home/Documents/LMS 8.1/store-manager-frontend/src/redux/actions/signup/types.js","statementMap":{"0":{"start":{"line":1,"column":30},"end":{"line":1,"column":46}},"1":{"start":{"line":2,"column":27},"end":{"line":2,"column":40}}},"fnMap":{},"branchMap":{},"s":{"0":3,"1":3},"f":{},"b":{},"_coverageSchema":"332fd63041d2c1bcb487cc26dd0d5f7d97098a6c","hash":"faa4d15caa376b7f352d4d765927710ef86fd9db"}
,"/Users/home/Documents/LMS 8.1/store-manager-frontend/src/redux/reducers/loginReducer/loginReducer.js": {"path":"/Users/home/Documents/LMS 8.1/store-manager-frontend/src/redux/reducers/loginReducer/loginReducer.js","statementMap":{"0":{"start":{"line":3,"column":21},"end":{"line":7,"column":1}},"1":{"start":{"line":9,"column":21},"end":{"line":26,"column":1}},"2":{"start":{"line":10,"column":2},"end":{"line":25,"column":3}},"3":{"start":{"line":12,"column":6},"end":{"line":16,"column":8}},"4":{"start":{"line":18,"column":6},"end":{"line":22,"column":8}},"5":{"start":{"line":24,"column":6},"end":{"line":24,"column":19}}},"fnMap":{"0":{"name":"(anonymous_0)","decl":{"start":{"line":9,"column":21},"end":{"line":9,"column":22}},"loc":{"start":{"line":9,"column":55},"end":{"line":26,"column":1}},"line":9}},"branchMap":{"0":{"loc":{"start":{"line":9,"column":22},"end":{"line":9,"column":42}},"type":"default-arg","locations":[{"start":{"line":9,"column":30},"end":{"line":9,"column":42}}],"line":9},"1":{"loc":{"start":{"line":10,"column":2},"end":{"line":25,"column":3}},"type":"switch","locations":[{"start":{"line":11,"column":4},"end":{"line":16,"column":8}},{"start":{"line":17,"column":4},"end":{"line":22,"column":8}},{"start":{"line":23,"column":4},"end":{"line":24,"column":19}}],"line":10}},"s":{"0":1,"1":1,"2":3,"3":1,"4":1,"5":1},"f":{"0":3},"b":{"0":[0],"1":[1,1,1]},"_coverageSchema":"332fd63041d2c1bcb487cc26dd0d5f7d97098a6c","hash":"9217863641deb06bf483502c73c5da18e9961921"}
,"/Users/home/Documents/LMS 8.1/store-manager-frontend/src/redux/reducers/signupReducer/signupReducer.js": {"path":"/Users/home/Documents/LMS 8.1/store-manager-frontend/src/redux/reducers/signupReducer/signupReducer.js","statementMap":{"0":{"start":{"line":3,"column":21},"end":{"line":7,"column":1}},"1":{"start":{"line":9,"column":22},"end":{"line":26,"column":1}},"2":{"start":{"line":10,"column":2},"end":{"line":25,"column":3}},"3":{"start":{"line":12,"column":6},"end":{"line":16,"column":8}},"4":{"start":{"line":18,"column":6},"end":{"line":22,"column":8}},"5":{"start":{"line":24,"column":6},"end":{"line":24,"column":19}}},"fnMap":{"0":{"name":"(anonymous_0)","decl":{"start":{"line":9,"column":22},"end":{"line":9,"column":23}},"loc":{"start":{"line":9,"column":56},"end":{"line":26,"column":1}},"line":9}},"branchMap":{"0":{"loc":{"start":{"line":9,"column":23},"end":{"line":9,"column":43}},"type":"default-arg","locations":[{"start":{"line":9,"column":31},"end":{"line":9,"column":43}}],"line":9},"1":{"loc":{"start":{"line":10,"column":2},"end":{"line":25,"column":3}},"type":"switch","locations":[{"start":{"line":11,"column":4},"end":{"line":16,"column":8}},{"start":{"line":17,"column":4},"end":{"line":22,"column":8}},{"start":{"line":23,"column":4},"end":{"line":24,"column":19}}],"line":10}},"s":{"0":1,"1":1,"2":3,"3":1,"4":1,"5":1},"f":{"0":3},"b":{"0":[0],"1":[1,1,1]},"_coverageSchema":"332fd63041d2c1bcb487cc26dd0d5f7d97098a6c","hash":"7d0bf37532124ac05e879c9db641cfe06de90bfc"}
}
