TN:
SF:/Users/home/Documents/LMS 8.1/store-manager-frontend/src/react/views/login/LoginView.js
FN:6,(anonymous_0)
FN:17,(anonymous_1)
FN:24,(anonymous_2)
FN:28,(anonymous_3)
FN:37,(anonymous_4)
FN:77,(anonymous_5)
FNF:6
FNH:5
FNDA:1,(anonymous_0)
FNDA:1,(anonymous_1)
FNDA:1,(anonymous_2)
FNDA:1,(anonymous_3)
FNDA:3,(anonymous_4)
FNDA:0,(anonymous_5)
DA:7,1
DA:8,1
DA:13,1
DA:14,1
DA:18,1
DA:19,1
DA:20,1
DA:21,1
DA:25,1
DA:29,1
DA:30,1
DA:34,1
DA:38,3
DA:39,3
DA:77,1
DA:78,0
LF:16
LH:15
BRDA:19,0,0,1
BRDA:19,0,1,0
BRF:2
BRH:1
end_of_record
TN:
SF:/Users/home/Documents/LMS 8.1/store-manager-frontend/src/react/views/signup/SignUpView.js
FN:7,(anonymous_0)
FN:19,(anonymous_1)
FN:27,(anonymous_2)
FN:31,(anonymous_3)
FN:41,(anonymous_4)
FN:95,(anonymous_5)
FNF:6
FNH:5
FNDA:1,(anonymous_0)
FNDA:1,(anonymous_1)
FNDA:1,(anonymous_2)
FNDA:1,(anonymous_3)
FNDA:3,(anonymous_4)
FNDA:0,(anonymous_5)
DA:8,1
DA:9,1
DA:15,1
DA:16,1
DA:20,1
DA:21,1
DA:22,1
DA:23,1
DA:28,1
DA:32,1
DA:33,1
DA:38,1
DA:42,3
DA:43,3
DA:95,1
DA:96,0
LF:16
LH:15
BRDA:21,0,0,1
BRDA:21,0,1,0
BRF:2
BRH:1
end_of_record
TN:
SF:/Users/home/Documents/LMS 8.1/store-manager-frontend/src/redux/actions/index.js
FNF:0
FNH:0
DA:2,4
LF:1
LH:1
BRF:0
BRH:0
end_of_record
TN:
SF:/Users/home/Documents/LMS 8.1/store-manager-frontend/src/redux/actions/login/loginAction.js
FN:6,(anonymous_0)
FN:6,(anonymous_1)
FN:12,(anonymous_2)
FN:21,(anonymous_3)
FNF:4
FNH:2
FNDA:2,(anonymous_0)
FNDA:2,(anonymous_1)
FNDA:0,(anonymous_2)
FNDA:0,(anonymous_3)
DA:6,2
DA:7,2
DA:10,2
DA:13,0
DA:18,0
DA:19,0
DA:22,0
DA:26,0
LF:8
LH:3
BRF:0
BRH:0
end_of_record
TN:
SF:/Users/home/Documents/LMS 8.1/store-manager-frontend/src/redux/actions/login/types.js
FNF:0
FNH:0
DA:1,3
DA:2,3
LF:2
LH:2
BRF:0
BRH:0
end_of_record
TN:
SF:/Users/home/Documents/LMS 8.1/store-manager-frontend/src/redux/actions/signup/singupAction.js
FN:9,(anonymous_0)
FN:9,(anonymous_1)
FN:17,(anonymous_2)
FN:24,(anonymous_3)
FNF:4
FNH:2
FNDA:2,(anonymous_0)
FNDA:2,(anonymous_1)
FNDA:0,(anonymous_2)
FNDA:0,(anonymous_3)
DA:7,2
DA:9,2
DA:10,2
DA:15,2
DA:18,0
DA:22,0
DA:25,0
DA:29,0
LF:8
LH:4
BRF:0
BRH:0
end_of_record
TN:
SF:/Users/home/Documents/LMS 8.1/store-manager-frontend/src/redux/actions/signup/types.js
FNF:0
FNH:0
DA:1,3
DA:2,3
LF:2
LH:2
BRF:0
BRH:0
end_of_record
TN:
SF:/Users/home/Documents/LMS 8.1/store-manager-frontend/src/redux/reducers/loginReducer/loginReducer.js
FN:8,(anonymous_0)
FNF:1
FNH:1
FNDA:3,(anonymous_0)
DA:3,1
DA:8,1
DA:9,3
DA:11,1
DA:17,1
DA:23,1
LF:6
LH:6
BRDA:8,0,0,0
BRDA:9,1,0,1
BRDA:9,1,1,1
BRDA:9,1,2,1
BRF:4
BRH:3
end_of_record
TN:
SF:/Users/home/Documents/LMS 8.1/store-manager-frontend/src/redux/reducers/signupReducer/signupReducer.js
FN:8,(anonymous_0)
FNF:1
FNH:1
FNDA:3,(anonymous_0)
DA:3,1
DA:8,1
DA:9,3
DA:11,1
DA:17,1
DA:23,1
LF:6
LH:6
BRDA:8,0,0,0
BRDA:9,1,0,1
BRDA:9,1,1,1
BRDA:9,1,2,1
BRF:4
BRH:3
end_of_record
