TN:
SF:/Users/home/Documents/LMS 8.1/store-manager-frontend/src/react/views/Loader.js
FN:3,Loader
FNF:1
FNH:0
FNDA:0,Loader
DA:4,0
LF:1
LH:0
BRF:0
BRH:0
end_of_record
TN:
SF:/Users/home/Documents/LMS 8.1/store-manager-frontend/src/react/views/login/LoginView.js
FN:8,(anonymous_0)
FN:21,(anonymous_1)
FN:32,(anonymous_2)
FN:36,(anonymous_3)
FN:46,(anonymous_4)
FN:107,(anonymous_5)
FNF:6
FNH:5
FNDA:1,(anonymous_0)
FNDA:1,(anonymous_1)
FNDA:1,(anonymous_2)
FNDA:1,(anonymous_3)
FNDA:4,(anonymous_4)
FNDA:0,(anonymous_5)
DA:9,1
DA:10,1
DA:17,1
DA:18,1
DA:22,1
DA:23,1
DA:24,0
DA:27,1
DA:28,1
DA:29,1
DA:33,1
DA:37,1
DA:38,1
DA:42,1
DA:43,1
DA:47,4
DA:49,4
DA:102,1
DA:107,1
DA:108,0
LF:20
LH:18
BRDA:23,0,0,0
BRDA:23,0,1,1
BRDA:27,1,0,1
BRDA:27,1,1,0
BRDA:64,2,0,2
BRDA:64,2,1,2
BRF:6
BRH:4
end_of_record
TN:
SF:/Users/home/Documents/LMS 8.1/store-manager-frontend/src/react/views/signup/SignUpView.js
FN:11,(anonymous_0)
FN:25,(anonymous_1)
FN:35,(anonymous_2)
FN:39,(anonymous_3)
FN:50,(anonymous_4)
FN:118,(anonymous_5)
FNF:6
FNH:5
FNDA:1,(anonymous_0)
FNDA:1,(anonymous_1)
FNDA:1,(anonymous_2)
FNDA:1,(anonymous_3)
FNDA:4,(anonymous_4)
FNDA:0,(anonymous_5)
DA:12,1
DA:13,1
DA:21,1
DA:22,1
DA:26,1
DA:27,1
DA:28,1
DA:29,1
DA:31,0
DA:36,1
DA:40,1
DA:41,1
DA:46,1
DA:47,1
DA:51,4
DA:52,4
DA:112,1
DA:118,1
DA:119,0
LF:19
LH:17
BRDA:27,0,0,1
BRDA:27,0,1,0
BRDA:67,1,0,2
BRDA:67,1,1,2
BRF:4
BRH:3
end_of_record
TN:
SF:/Users/home/Documents/LMS 8.1/store-manager-frontend/src/redux/actions/index.js
FNF:0
FNH:0
DA:2,4
LF:1
LH:1
BRF:0
BRH:0
end_of_record
TN:
SF:/Users/home/Documents/LMS 8.1/store-manager-frontend/src/redux/actions/login/loginAction.js
FN:6,(anonymous_0)
FN:6,(anonymous_1)
FN:12,(anonymous_2)
FN:22,(anonymous_3)
FNF:4
FNH:4
FNDA:2,(anonymous_0)
FNDA:2,(anonymous_1)
FNDA:1,(anonymous_2)
FNDA:1,(anonymous_3)
DA:6,2
DA:7,2
DA:10,2
DA:13,1
DA:18,1
DA:19,1
DA:20,1
DA:23,1
DA:28,1
LF:9
LH:9
BRF:0
BRH:0
end_of_record
TN:
SF:/Users/home/Documents/LMS 8.1/store-manager-frontend/src/redux/actions/login/types.js
FNF:0
FNH:0
DA:1,3
DA:2,3
LF:2
LH:2
BRF:0
BRH:0
end_of_record
TN:
SF:/Users/home/Documents/LMS 8.1/store-manager-frontend/src/redux/actions/signup/singupAction.js
FN:9,(anonymous_0)
FN:9,(anonymous_1)
FN:17,(anonymous_2)
FN:23,(anonymous_3)
FNF:4
FNH:3
FNDA:2,(anonymous_0)
FNDA:2,(anonymous_1)
FNDA:0,(anonymous_2)
FNDA:1,(anonymous_3)
DA:7,2
DA:9,2
DA:10,2
DA:15,2
DA:18,0
DA:24,1
DA:28,1
LF:7
LH:6
BRF:0
BRH:0
end_of_record
TN:
SF:/Users/home/Documents/LMS 8.1/store-manager-frontend/src/redux/actions/signup/types.js
FNF:0
FNH:0
DA:1,3
DA:2,3
LF:2
LH:2
BRF:0
BRH:0
end_of_record
TN:
SF:/Users/home/Documents/LMS 8.1/store-manager-frontend/src/redux/reducers/loginReducer/loginReducer.js
FN:9,(anonymous_0)
FNF:1
FNH:1
FNDA:3,(anonymous_0)
DA:3,1
DA:9,1
DA:10,3
DA:12,1
DA:18,1
DA:24,1
LF:6
LH:6
BRDA:9,0,0,0
BRDA:10,1,0,1
BRDA:10,1,1,1
BRDA:10,1,2,1
BRF:4
BRH:3
end_of_record
TN:
SF:/Users/home/Documents/LMS 8.1/store-manager-frontend/src/redux/reducers/signupReducer/signupReducer.js
FN:9,(anonymous_0)
FNF:1
FNH:1
FNDA:3,(anonymous_0)
DA:3,1
DA:9,1
DA:10,3
DA:12,1
DA:18,1
DA:24,1
LF:6
LH:6
BRDA:9,0,0,0
BRDA:10,1,0,1
BRDA:10,1,1,1
BRDA:10,1,2,1
BRF:4
BRH:3
end_of_record
